<?xml version="1.0" encoding="UTF-8"?>
<testsuite time="0.13" failures="0" tests="1" name="tests" >
  <testcase time="0.119" classname="tests" name="first-test.ta" />
</testsuite>